#-----------------------------------------------------------
# Vivado v2018.3 (64-bit)
# SW Build 2405991 on Thu Dec  6 23:38:27 MST 2018
# IP Build 2404404 on Fri Dec  7 01:43:56 MST 2018
# Start of session at: Fri Jan  3 10:43:05 2025
# Process ID: 21408
# Current directory: C:/UART_TX/UART_TX
# Command line: vivado.exe -gui_launcher_event rodinguilauncherevent19008 C:\UART_TX\UART_TX\UART_TX.xpr
# Log file: C:/UART_TX/UART_TX/vivado.log
# Journal file: C:/UART_TX/UART_TX\vivado.jou
#-----------------------------------------------------------
start_gui
open_project C:/UART_TX/UART_TX/UART_TX.xpr
INFO: [Project 1-313] Project file moved from 'C:/Users/Administrator/Desktop/UART_TX/UART_TX' since last save.
Scanning sources...
Finished scanning sources
INFO: [IP_Flow 19-234] Refreshing IP repositories
INFO: [IP_Flow 19-1704] No user IP repositories specified
INFO: [IP_Flow 19-2313] Loaded Vivado IP repository 'C:/Xilinx/Vivado/2018.3/data/ip'.
update_compile_order -fileset sources_1
reset_run synth_1
launch_runs impl_1 -to_step write_bitstream -jobs 14
[Fri Jan  3 10:45:06 2025] Launched synth_1...
Run output will be captured here: C:/UART_TX/UART_TX/UART_TX.runs/synth_1/runme.log
[Fri Jan  3 10:45:06 2025] Launched impl_1...
Run output will be captured here: C:/UART_TX/UART_TX/UART_TX.runs/impl_1/runme.log
open_hw
connect_hw_server
INFO: [Labtools 27-2285] Connecting to hw_server url TCP:localhost:3121
INFO: [Labtools 27-2222] Launching hw_server...
INFO: [Labtools 27-2221] Launch Output:

****** Xilinx hw_server v2018.3
  **** Build date : Dec  7 2018-00:40:27
    ** Copyright 1986-2018 Xilinx, Inc. All Rights Reserved.


open_hw_target
INFO: [Labtoolstcl 44-466] Opening hw_target localhost:3121/xilinx_tcf/Digilent/883210A5A5322
set_property PROGRAM.FILE {C:/UART_TX/UART_TX/UART_TX.runs/impl_1/top.bit} [get_hw_devices xc7s6_0]
current_hw_device [get_hw_devices xc7s6_0]
refresh_hw_device -update_hw_probes false [lindex [get_hw_devices xc7s6_0] 0]
INFO: [Labtools 27-1434] Device xc7s6 (JTAG device index = 0) is programmed with a design that has no supported debug core(s) in it.
set_property PROBES.FILE {} [get_hw_devices xc7s6_0]
set_property FULL_PROBES.FILE {} [get_hw_devices xc7s6_0]
set_property PROGRAM.FILE {C:/UART_TX/UART_TX/UART_TX.runs/impl_1/top.bit} [get_hw_devices xc7s6_0]
program_hw_devices [get_hw_devices xc7s6_0]
INFO: [Labtools 27-3164] End of startup status: HIGH
refresh_hw_device [lindex [get_hw_devices xc7s6_0] 0]
INFO: [Labtools 27-1434] Device xc7s6 (JTAG device index = 0) is programmed with a design that has no supported debug core(s) in it.
exit
INFO: [Common 17-206] Exiting Vivado at Fri Jan  3 10:46:37 2025...
