#-----------------------------------------------------------
# Vivado v2018.3 (64-bit)
# SW Build 2405991 on Thu Dec  6 23:38:27 MST 2018
# IP Build 2404404 on Fri Dec  7 01:43:56 MST 2018
# Start of session at: Sat Jan  4 15:13:53 2025
# Process ID: 17288
# Current directory: C:/Users/Administrator/Desktop/UART_TX/UART_TX
# Command line: vivado.exe -gui_launcher_event rodinguilauncherevent3876 C:\Users\Administrator\Desktop\UART_TX\UART_TX\UART_TX.xpr
# Log file: C:/Users/Administrator/Desktop/UART_TX/UART_TX/vivado.log
# Journal file: C:/Users/Administrator/Desktop/UART_TX/UART_TX\vivado.jou
#-----------------------------------------------------------
start_gui
open_project C:/Users/Administrator/Desktop/UART_TX/UART_TX/UART_TX.xpr
INFO: [Project 1-313] Project file moved from 'C:/UART_TX/UART_TX' since last save.
Scanning sources...
Finished scanning sources
INFO: [IP_Flow 19-234] Refreshing IP repositories
INFO: [IP_Flow 19-1704] No user IP repositories specified
INFO: [IP_Flow 19-2313] Loaded Vivado IP repository 'C:/Xilinx/Vivado/2018.3/data/ip'.
update_compile_order -fileset sources_1
exit
INFO: [Common 17-206] Exiting Vivado at Sat Jan  4 15:14:23 2025...
