#-----------------------------------------------------------
# Vivado v2018.3 (64-bit)
# SW Build 2405991 on Thu Dec  6 23:38:27 MST 2018
# IP Build 2404404 on Fri Dec  7 01:43:56 MST 2018
# Start of session at: Tue Mar 25 16:07:32 2025
# Process ID: 14464
# Current directory: C:/Users/Administrator/Desktop/EEPROM/PRJ_VIVADO/EEPROM
# Command line: vivado.exe -gui_launcher_event rodinguilauncherevent17232 C:\Users\Administrator\Desktop\EEPROM\PRJ_VIVADO\EEPROM\EEPROM.xpr
# Log file: C:/Users/Administrator/Desktop/EEPROM/PRJ_VIVADO/EEPROM/vivado.log
# Journal file: C:/Users/Administrator/Desktop/EEPROM/PRJ_VIVADO/EEPROM\vivado.jou
#-----------------------------------------------------------
start_gui
open_project C:/Users/Administrator/Desktop/EEPROM/PRJ_VIVADO/EEPROM/EEPROM.xpr
Scanning sources...
Finished scanning sources
INFO: [IP_Flow 19-234] Refreshing IP repositories
INFO: [IP_Flow 19-1704] No user IP repositories specified
INFO: [IP_Flow 19-2313] Loaded Vivado IP repository 'C:/Xilinx/Vivado/2018.3/data/ip'.
update_compile_order -fileset sources_1
open_hw
connect_hw_server
INFO: [Labtools 27-2285] Connecting to hw_server url TCP:localhost:3121
INFO: [Labtools 27-2222] Launching hw_server...
INFO: [Labtools 27-2221] Launch Output:

****** Xilinx hw_server v2018.3
  **** Build date : Dec  7 2018-00:40:27
    ** Copyright 1986-2018 Xilinx, Inc. All Rights Reserved.


open_hw_target
INFO: [Labtoolstcl 44-466] Opening hw_target localhost:3121/xilinx_tcf/Digilent/210357A7D00EA
current_hw_device [get_hw_devices xc7s6_0]
refresh_hw_device -update_hw_probes false [lindex [get_hw_devices xc7s6_0] 0]
INFO: [Labtools 27-1434] Device xc7s6 (JTAG device index = 0) is programmed with a design that has no supported debug core(s) in it.
launch_runs impl_1 -to_step write_bitstream -jobs 14
[Tue Mar 25 16:08:07 2025] Launched impl_1...
Run output will be captured here: C:/Users/Administrator/Desktop/EEPROM/PRJ_VIVADO/EEPROM/EEPROM.runs/impl_1/runme.log
set_property PROBES.FILE {} [get_hw_devices xc7s6_0]
set_property FULL_PROBES.FILE {} [get_hw_devices xc7s6_0]
set_property PROGRAM.FILE {C:/Users/Administrator/Desktop/EEPROM/PRJ_VIVADO/EEPROM/EEPROM.runs/impl_1/top.bit} [get_hw_devices xc7s6_0]
program_hw_devices [get_hw_devices xc7s6_0]
INFO: [Labtools 27-3164] End of startup status: HIGH
refresh_hw_device [lindex [get_hw_devices xc7s6_0] 0]
INFO: [Labtools 27-1434] Device xc7s6 (JTAG device index = 0) is programmed with a design that has no supported debug core(s) in it.
reset_run synth_1
WARNING: [Vivado 12-1017] Problems encountered:
1. Failed to delete one or more files in run directory C:/Users/Administrator/Desktop/EEPROM/PRJ_VIVADO/EEPROM/EEPROM.runs/synth_1

launch_runs impl_1 -to_step write_bitstream -jobs 14
[Tue Mar 25 16:14:48 2025] Launched synth_1...
Run output will be captured here: C:/Users/Administrator/Desktop/EEPROM/PRJ_VIVADO/EEPROM/EEPROM.runs/synth_1/runme.log
[Tue Mar 25 16:14:48 2025] Launched impl_1...
Run output will be captured here: C:/Users/Administrator/Desktop/EEPROM/PRJ_VIVADO/EEPROM/EEPROM.runs/impl_1/runme.log
set_property PROBES.FILE {} [get_hw_devices xc7s6_0]
set_property FULL_PROBES.FILE {} [get_hw_devices xc7s6_0]
set_property PROGRAM.FILE {C:/Users/Administrator/Desktop/EEPROM/PRJ_VIVADO/EEPROM/EEPROM.runs/impl_1/top.bit} [get_hw_devices xc7s6_0]
program_hw_devices [get_hw_devices xc7s6_0]
INFO: [Labtools 27-3164] End of startup status: HIGH
refresh_hw_device [lindex [get_hw_devices xc7s6_0] 0]
INFO: [Labtools 27-1434] Device xc7s6 (JTAG device index = 0) is programmed with a design that has no supported debug core(s) in it.
reset_run synth_1
WARNING: [Vivado 12-1017] Problems encountered:
1. Failed to delete one or more files in run directory C:/Users/Administrator/Desktop/EEPROM/PRJ_VIVADO/EEPROM/EEPROM.runs/synth_1

launch_runs impl_1 -to_step write_bitstream -jobs 14
[Tue Mar 25 16:16:37 2025] Launched synth_1...
Run output will be captured here: C:/Users/Administrator/Desktop/EEPROM/PRJ_VIVADO/EEPROM/EEPROM.runs/synth_1/runme.log
[Tue Mar 25 16:16:37 2025] Launched impl_1...
Run output will be captured here: C:/Users/Administrator/Desktop/EEPROM/PRJ_VIVADO/EEPROM/EEPROM.runs/impl_1/runme.log
set_property PROBES.FILE {} [get_hw_devices xc7s6_0]
set_property FULL_PROBES.FILE {} [get_hw_devices xc7s6_0]
set_property PROGRAM.FILE {C:/Users/Administrator/Desktop/EEPROM/PRJ_VIVADO/EEPROM/EEPROM.runs/impl_1/top.bit} [get_hw_devices xc7s6_0]
program_hw_devices [get_hw_devices xc7s6_0]
INFO: [Labtools 27-3164] End of startup status: HIGH
refresh_hw_device [lindex [get_hw_devices xc7s6_0] 0]
INFO: [Labtools 27-1434] Device xc7s6 (JTAG device index = 0) is programmed with a design that has no supported debug core(s) in it.
reset_run synth_1
WARNING: [Vivado 12-1017] Problems encountered:
1. Failed to delete one or more files in run directory C:/Users/Administrator/Desktop/EEPROM/PRJ_VIVADO/EEPROM/EEPROM.runs/synth_1

launch_runs impl_1 -to_step write_bitstream -jobs 14
[Tue Mar 25 16:18:03 2025] Launched synth_1...
Run output will be captured here: C:/Users/Administrator/Desktop/EEPROM/PRJ_VIVADO/EEPROM/EEPROM.runs/synth_1/runme.log
[Tue Mar 25 16:18:03 2025] Launched impl_1...
Run output will be captured here: C:/Users/Administrator/Desktop/EEPROM/PRJ_VIVADO/EEPROM/EEPROM.runs/impl_1/runme.log
set_property PROBES.FILE {} [get_hw_devices xc7s6_0]
set_property FULL_PROBES.FILE {} [get_hw_devices xc7s6_0]
set_property PROGRAM.FILE {C:/Users/Administrator/Desktop/EEPROM/PRJ_VIVADO/EEPROM/EEPROM.runs/impl_1/top.bit} [get_hw_devices xc7s6_0]
program_hw_devices [get_hw_devices xc7s6_0]
INFO: [Labtools 27-3164] End of startup status: HIGH
refresh_hw_device [lindex [get_hw_devices xc7s6_0] 0]
INFO: [Labtools 27-1434] Device xc7s6 (JTAG device index = 0) is programmed with a design that has no supported debug core(s) in it.
reset_run synth_1
WARNING: [Vivado 12-1017] Problems encountered:
1. Failed to delete one or more files in run directory C:/Users/Administrator/Desktop/EEPROM/PRJ_VIVADO/EEPROM/EEPROM.runs/synth_1

launch_runs impl_1 -to_step write_bitstream -jobs 14
[Tue Mar 25 16:34:19 2025] Launched synth_1...
Run output will be captured here: C:/Users/Administrator/Desktop/EEPROM/PRJ_VIVADO/EEPROM/EEPROM.runs/synth_1/runme.log
[Tue Mar 25 16:34:19 2025] Launched impl_1...
Run output will be captured here: C:/Users/Administrator/Desktop/EEPROM/PRJ_VIVADO/EEPROM/EEPROM.runs/impl_1/runme.log
set_property PROBES.FILE {} [get_hw_devices xc7s6_0]
set_property FULL_PROBES.FILE {} [get_hw_devices xc7s6_0]
set_property PROGRAM.FILE {C:/Users/Administrator/Desktop/EEPROM/PRJ_VIVADO/EEPROM/EEPROM.runs/impl_1/top.bit} [get_hw_devices xc7s6_0]
program_hw_devices [get_hw_devices xc7s6_0]
INFO: [Labtools 27-3164] End of startup status: HIGH
refresh_hw_device [lindex [get_hw_devices xc7s6_0] 0]
INFO: [Labtools 27-1434] Device xc7s6 (JTAG device index = 0) is programmed with a design that has no supported debug core(s) in it.
set_property PROBES.FILE {} [get_hw_devices xc7s6_0]
set_property FULL_PROBES.FILE {} [get_hw_devices xc7s6_0]
set_property PROGRAM.FILE {C:/Users/Administrator/Desktop/EEPROM/PRJ_VIVADO/EEPROM/EEPROM.runs/impl_1/top.bit} [get_hw_devices xc7s6_0]
program_hw_devices [get_hw_devices xc7s6_0]
INFO: [Labtools 27-3164] End of startup status: HIGH
refresh_hw_device [lindex [get_hw_devices xc7s6_0] 0]
INFO: [Labtools 27-1434] Device xc7s6 (JTAG device index = 0) is programmed with a design that has no supported debug core(s) in it.
reset_run synth_1
WARNING: [Vivado 12-1017] Problems encountered:
1. Failed to delete one or more files in run directory C:/Users/Administrator/Desktop/EEPROM/PRJ_VIVADO/EEPROM/EEPROM.runs/synth_1

launch_runs impl_1 -to_step write_bitstream -jobs 14
[Tue Mar 25 16:43:20 2025] Launched synth_1...
Run output will be captured here: C:/Users/Administrator/Desktop/EEPROM/PRJ_VIVADO/EEPROM/EEPROM.runs/synth_1/runme.log
[Tue Mar 25 16:43:20 2025] Launched impl_1...
Run output will be captured here: C:/Users/Administrator/Desktop/EEPROM/PRJ_VIVADO/EEPROM/EEPROM.runs/impl_1/runme.log
set_property PROBES.FILE {} [get_hw_devices xc7s6_0]
set_property FULL_PROBES.FILE {} [get_hw_devices xc7s6_0]
set_property PROGRAM.FILE {C:/Users/Administrator/Desktop/EEPROM/PRJ_VIVADO/EEPROM/EEPROM.runs/impl_1/top.bit} [get_hw_devices xc7s6_0]
program_hw_devices [get_hw_devices xc7s6_0]
INFO: [Labtools 27-3164] End of startup status: HIGH
refresh_hw_device [lindex [get_hw_devices xc7s6_0] 0]
INFO: [Labtools 27-1434] Device xc7s6 (JTAG device index = 0) is programmed with a design that has no supported debug core(s) in it.
set_property PROBES.FILE {} [get_hw_devices xc7s6_0]
set_property FULL_PROBES.FILE {} [get_hw_devices xc7s6_0]
set_property PROGRAM.FILE {C:/Users/Administrator/Desktop/EEPROM/PRJ_VIVADO/EEPROM/EEPROM.runs/impl_1/top.bit} [get_hw_devices xc7s6_0]
program_hw_devices [get_hw_devices xc7s6_0]
INFO: [Labtools 27-3164] End of startup status: HIGH
refresh_hw_device [lindex [get_hw_devices xc7s6_0] 0]
INFO: [Labtools 27-1434] Device xc7s6 (JTAG device index = 0) is programmed with a design that has no supported debug core(s) in it.
reset_run synth_1
WARNING: [Vivado 12-1017] Problems encountered:
1. Failed to delete one or more files in run directory C:/Users/Administrator/Desktop/EEPROM/PRJ_VIVADO/EEPROM/EEPROM.runs/synth_1

launch_runs impl_1 -to_step write_bitstream -jobs 14
[Tue Mar 25 16:54:58 2025] Launched synth_1...
Run output will be captured here: C:/Users/Administrator/Desktop/EEPROM/PRJ_VIVADO/EEPROM/EEPROM.runs/synth_1/runme.log
[Tue Mar 25 16:54:58 2025] Launched impl_1...
Run output will be captured here: C:/Users/Administrator/Desktop/EEPROM/PRJ_VIVADO/EEPROM/EEPROM.runs/impl_1/runme.log
set_property PROBES.FILE {} [get_hw_devices xc7s6_0]
set_property FULL_PROBES.FILE {} [get_hw_devices xc7s6_0]
set_property PROGRAM.FILE {C:/Users/Administrator/Desktop/EEPROM/PRJ_VIVADO/EEPROM/EEPROM.runs/impl_1/top.bit} [get_hw_devices xc7s6_0]
program_hw_devices [get_hw_devices xc7s6_0]
INFO: [Labtools 27-3164] End of startup status: HIGH
refresh_hw_device [lindex [get_hw_devices xc7s6_0] 0]
INFO: [Labtools 27-1434] Device xc7s6 (JTAG device index = 0) is programmed with a design that has no supported debug core(s) in it.
open_run synth_1 -name synth_1
Design is defaulting to impl run constrset: constrs_1
Design is defaulting to synth run part: xc7s6ftgb196-1
INFO: [Netlist 29-17] Analyzing 20 Unisim elements for replacement
INFO: [Netlist 29-28] Unisim Transformation completed in 0 CPU seconds
INFO: [Project 1-479] Netlist was created with Vivado 2018.3
INFO: [Device 21-403] Loading part xc7s6ftgb196-1
INFO: [Project 1-570] Preparing netlist for logic optimization
Parsing XDC File [C:/Users/Administrator/Desktop/EEPROM/PRJ_VIVADO/EEPROM/EEPROM.srcs/constrs_1/new/eeprom.xdc]
Finished Parsing XDC File [C:/Users/Administrator/Desktop/EEPROM/PRJ_VIVADO/EEPROM/EEPROM.srcs/constrs_1/new/eeprom.xdc]
INFO: [Opt 31-138] Pushed 0 inverter(s) to 0 load pin(s).
Netlist sorting complete. Time (s): cpu = 00:00:00 ; elapsed = 00:00:00 . Memory (MB): peak = 2038.988 ; gain = 0.000
INFO: [Project 1-111] Unisim Transformation Summary:
  A total of 1 instances were transformed.
  IOBUF => IOBUF (IBUF, OBUFT): 1 instances

open_run: Time (s): cpu = 00:00:08 ; elapsed = 00:00:07 . Memory (MB): peak = 2180.590 ; gain = 360.160
startgroup
set_property package_pin "" [get_ports [list  {key_in[0]}]]
place_ports {key_in[3]} M5
endgroup
startgroup
set_property package_pin "" [get_ports [list  {key_in[1]}]]
place_ports {key_in[2]} M4
endgroup
place_ports {key_in[1]} P5
place_ports {key_in[0]} N4
save_constraints
Netlist sorting complete. Time (s): cpu = 00:00:00 ; elapsed = 00:00:00 . Memory (MB): peak = 2536.148 ; gain = 0.000
reset_run impl_1
launch_runs impl_1 -to_step write_bitstream -jobs 14
Netlist sorting complete. Time (s): cpu = 00:00:00 ; elapsed = 00:00:00 . Memory (MB): peak = 2573.668 ; gain = 0.000
INFO: [Timing 38-480] Writing timing data to binary archive.
Writing placer database...
Writing XDEF routing.
Writing XDEF routing logical nets.
Writing XDEF routing special nets.
Write XDEF Complete: Time (s): cpu = 00:00:01 ; elapsed = 00:00:00.017 . Memory (MB): peak = 2574.977 ; gain = 1.309
Netlist sorting complete. Time (s): cpu = 00:00:00 ; elapsed = 00:00:00 . Memory (MB): peak = 2577.969 ; gain = 0.000
[Tue Mar 25 16:59:01 2025] Launched impl_1...
Run output will be captured here: C:/Users/Administrator/Desktop/EEPROM/PRJ_VIVADO/EEPROM/EEPROM.runs/impl_1/runme.log
set_property PROBES.FILE {} [get_hw_devices xc7s6_0]
set_property FULL_PROBES.FILE {} [get_hw_devices xc7s6_0]
set_property PROGRAM.FILE {C:/Users/Administrator/Desktop/EEPROM/PRJ_VIVADO/EEPROM/EEPROM.runs/impl_1/top.bit} [get_hw_devices xc7s6_0]
program_hw_devices [get_hw_devices xc7s6_0]
INFO: [Labtools 27-3164] End of startup status: HIGH
refresh_hw_device [lindex [get_hw_devices xc7s6_0] 0]
INFO: [Labtools 27-1434] Device xc7s6 (JTAG device index = 0) is programmed with a design that has no supported debug core(s) in it.
