#-----------------------------------------------------------
# Vivado v2018.3 (64-bit)
# SW Build 2405991 on Thu Dec  6 23:38:27 MST 2018
# IP Build 2404404 on Fri Dec  7 01:43:56 MST 2018
# Start of session at: Thu Mar 27 10:07:04 2025
# Process ID: 3428
# Current directory: C:/Users/Administrator/Desktop/CT137X/ADC/PRJ_VIVADO
# Command line: vivado.exe -gui_launcher_event rodinguilauncherevent8816 C:\Users\Administrator\Desktop\CT137X\ADC\PRJ_VIVADO\ADC.xpr
# Log file: C:/Users/Administrator/Desktop/CT137X/ADC/PRJ_VIVADO/vivado.log
# Journal file: C:/Users/Administrator/Desktop/CT137X/ADC/PRJ_VIVADO\vivado.jou
#-----------------------------------------------------------
start_gui
open_project C:/Users/Administrator/Desktop/CT137X/ADC/PRJ_VIVADO/ADC.xpr
INFO: [Project 1-313] Project file moved from 'C:/Users/Administrator/Desktop/ADC/PRJ_VIVADO' since last save.
Scanning sources...
Finished scanning sources
INFO: [IP_Flow 19-234] Refreshing IP repositories
INFO: [IP_Flow 19-1704] No user IP repositories specified
INFO: [IP_Flow 19-2313] Loaded Vivado IP repository 'C:/Xilinx/Vivado/2018.3/data/ip'.
update_compile_order -fileset sources_1
open_hw
reset_run impl_1
launch_runs impl_1 -jobs 14
[Thu Mar 27 10:07:34 2025] Launched impl_1...
Run output will be captured here: C:/Users/Administrator/Desktop/CT137X/ADC/PRJ_VIVADO/ADC.runs/impl_1/runme.log
connect_hw_server
INFO: [Labtools 27-2285] Connecting to hw_server url TCP:localhost:3121
INFO: [Labtools 27-2222] Launching hw_server...
INFO: [Labtools 27-2221] Launch Output:

****** Xilinx hw_server v2018.3
  **** Build date : Dec  7 2018-00:40:27
    ** Copyright 1986-2018 Xilinx, Inc. All Rights Reserved.


exit
INFO: [Common 17-206] Exiting Vivado at Thu Mar 27 10:08:18 2025...
