#-----------------------------------------------------------
# Vivado v2018.3 (64-bit)
# SW Build 2405991 on Thu Dec  6 23:38:27 MST 2018
# IP Build 2404404 on Fri Dec  7 01:43:56 MST 2018
# Start of session at: Thu Dec 26 18:14:24 2024
# Process ID: 10004
# Current directory: C:/临时文件/X_课程例程/KEY_LED
# Command line: vivado.exe -gui_launcher_event rodinguilauncherevent14520 C:\临时文件\X_课程例程\KEY_LED\KEY_LED.xpr
# Log file: C:/临时文件/X_课程例程/KEY_LED/vivado.log
# Journal file: C:/临时文件/X_课程例程/KEY_LED\vivado.jou
#-----------------------------------------------------------
start_gui
open_project C:/临时文件/X_课程例程/KEY_LED/KEY_LED.xpr
INFO: [Project 1-313] Project file moved from 'C:/Users/Administrator/Desktop/KEY_LED' since last save.
Scanning sources...
Finished scanning sources
INFO: [IP_Flow 19-234] Refreshing IP repositories
INFO: [IP_Flow 19-1704] No user IP repositories specified
INFO: [IP_Flow 19-2313] Loaded Vivado IP repository 'C:/Xilinx/Vivado/2018.3/data/ip'.
update_compile_order -fileset sources_1
exit
INFO: [Common 17-206] Exiting Vivado at Thu Dec 26 18:14:43 2024...
