#-----------------------------------------------------------
# Vivado v2018.3 (64-bit)
# SW Build 2405991 on Thu Dec  6 23:38:27 MST 2018
# IP Build 2404404 on Fri Dec  7 01:43:56 MST 2018
# Start of session at: Fri Oct 11 13:16:07 2024
# Process ID: 2936
# Current directory: E:/Example/XExample/EX03_Mux
# Command line: vivado.exe -gui_launcher_event rodinguilauncherevent9760 E:\Example\XExample\EX03_Mux\EX03_Mux.xpr
# Log file: E:/Example/XExample/EX03_Mux/vivado.log
# Journal file: E:/Example/XExample/EX03_Mux\vivado.jou
#-----------------------------------------------------------
start_gui
open_project E:/Example/XExample/EX03_Mux/EX03_Mux.xpr
Scanning sources...
Finished scanning sources
INFO: [IP_Flow 19-234] Refreshing IP repositories
INFO: [IP_Flow 19-1704] No user IP repositories specified
INFO: [IP_Flow 19-2313] Loaded Vivado IP repository 'C:/Xilinx/Vivado/2018.3/data/ip'.
open_project: Time (s): cpu = 00:00:16 ; elapsed = 00:00:09 . Memory (MB): peak = 786.992 ; gain = 184.492
update_compile_order -fileset sources_1
exit
INFO: [Common 17-206] Exiting Vivado at Fri Oct 11 13:16:40 2024...
